TN:
SF:src/client.ts
FN:10,(anonymous_1)
FN:18,(anonymous_2)
FN:28,(anonymous_3)
FN:45,(anonymous_4)
FN:58,(anonymous_5)
FN:62,(anonymous_6)
FN:69,(anonymous_7)
FN:77,(anonymous_8)
FN:83,(anonymous_9)
FN:87,(anonymous_10)
FN:91,(anonymous_11)
FN:98,(anonymous_12)
FN:102,(anonymous_13)
FN:106,(anonymous_14)
FN:110,(anonymous_15)
FN:117,(anonymous_16)
FNF:16
FNH:15
FNDA:21,(anonymous_1)
FNDA:20,(anonymous_2)
FNDA:20,(anonymous_3)
FNDA:0,(anonymous_4)
FNDA:4,(anonymous_5)
FNDA:2,(anonymous_6)
FNDA:2,(anonymous_7)
FNDA:2,(anonymous_8)
FNDA:3,(anonymous_9)
FNDA:1,(anonymous_10)
FNDA:1,(anonymous_11)
FNDA:1,(anonymous_12)
FNDA:1,(anonymous_13)
FNDA:1,(anonymous_14)
FNDA:1,(anonymous_15)
FNDA:1,(anonymous_16)
DA:1,1
DA:3,1
DA:4,1
DA:6,1
DA:11,21
DA:12,21
DA:19,20
DA:21,20
DA:22,9
DA:25,20
DA:33,20
DA:34,20
DA:42,20
DA:44,20
DA:45,4
DA:46,4
DA:54,16
DA:59,4
DA:63,2
DA:70,2
DA:74,1
DA:80,2
DA:84,3
DA:88,1
DA:92,1
DA:99,1
DA:103,1
DA:107,1
DA:111,1
DA:118,1
LF:30
LH:30
BRDA:21,0,0,9
BRDA:30,1,0,0
BRDA:38,2,0,20
BRDA:38,2,1,20
BRDA:44,3,0,4
BRDA:58,4,0,2
BRDA:78,5,0,1
BRDA:87,6,0,1
BRDA:98,7,0,1
BRDA:106,8,0,1
BRF:10
BRH:9
end_of_record
TN:
SF:src/constants.ts
FNF:0
FNH:0
DA:1,1
LF:1
LH:1
BRF:0
BRH:0
end_of_record
TN:
SF:src/error.ts
FN:2,(anonymous_0)
FNF:1
FNH:1
FNDA:4,(anonymous_0)
DA:1,1
DA:3,4
DA:4,4
DA:5,4
DA:6,4
DA:8,4
DA:9,4
LF:7
LH:7
BRF:0
BRH:0
end_of_record
