TN:
SF:src/client.ts
FN:7,(anonymous_1)
FN:18,(anonymous_2)
FN:23,(anonymous_3)
FN:28,(anonymous_4)
FN:33,(anonymous_5)
FN:40,(anonymous_6)
FN:46,(anonymous_7)
FN:51,(anonymous_8)
FN:57,(anonymous_9)
FN:62,(anonymous_10)
FN:68,(anonymous_11)
FN:73,(anonymous_12)
FN:80,(anonymous_13)
FNF:13
FNH:6
FNDA:9,(anonymous_1)
FNDA:3,(anonymous_2)
FNDA:2,(anonymous_3)
FNDA:0,(anonymous_4)
FNDA:1,(anonymous_5)
FNDA:0,(anonymous_6)
FNDA:0,(anonymous_7)
FNDA:0,(anonymous_8)
FNDA:1,(anonymous_9)
FNDA:0,(anonymous_10)
FNDA:1,(anonymous_11)
FNDA:0,(anonymous_12)
FNDA:0,(anonymous_13)
DA:1,1
DA:3,1
DA:4,1
DA:8,9
DA:19,3
DA:20,2
DA:24,2
DA:25,1
DA:29,0
DA:30,0
DA:36,1
DA:37,1
DA:41,0
DA:42,0
DA:47,0
DA:48,0
DA:52,0
DA:53,0
DA:58,1
DA:59,1
DA:63,0
DA:64,0
DA:69,1
DA:70,1
DA:74,0
DA:77,0
DA:81,0
DA:82,0
LF:28
LH:14
BRDA:18,0,0,2
BRDA:34,1,0,0
BRDA:46,2,0,0
BRDA:57,3,0,1
BRDA:68,4,0,1
BRF:5
BRH:3
end_of_record
TN:
SF:src/constants.ts
FNF:0
FNH:0
DA:1,1
LF:1
LH:1
BRF:0
BRH:0
end_of_record
